<?xml version="1.0" encoding="utf-8"?><testsuites><testsuite errors="1" failures="0" hostname="DESKTOP-ITGCD23" name="pytest" skipped="0" tests="1" time="0.117" timestamp="2020-08-20T16:58:31.912926"><testcase classname="test_car.TestVeg" file="test_car.py" line="8" name="test_cart" time="0.001"><error message="test setup failure">request = &lt;SubRequest &apos;Setup&apos; for &lt;Function test_cart&gt;&gt;

    @pytest.fixture(scope=&quot;class&quot;)
    def Setup(request):
        browser_name = request.config.getoption(&quot;browser_name&quot;)
        if browser_name ==&quot;chrome&quot;:
            driver = webdriver.Chrome(executable_path=&quot;D:\python\driver\chromedriver.exe&quot;)
        elif browser_name == &quot;firefox&quot;:
            driver = webdriver.Firefox(executable_path=&quot;D:\python\driver\geckodriver.exe&quot;)
&gt;       driver.get(&quot;https://rahulshettyacademy.com/seleniumPractise/#/&quot;)
E       UnboundLocalError: local variable &apos;driver&apos; referenced before assignment

..\conftest.py:17: UnboundLocalError</error></testcase></testsuite></testsuites>